<?xml version="1.0" encoding="UTF-8"?>
<!-- Generated by org.testng.reporters.JUnitXMLReporter -->
<testsuite ignored="0" hostname="trinesis-ThinkPad-T460s" failures="0" tests="3" name="Default test" time="244.492" errors="0" timestamp="2024-04-11T11:04:45 IST">
  <testcase classname="WikipediaTest.searchWikipedia" name="signUpTest" time="24.884"/>
  <testcase classname="WikipediaTest.searchWikipedia" name="LoginTest" time="9.574"/>
  <testcase classname="WikipediaTest.searchWikipedia" name="searchTest" time="190.881"/>
</testsuite> <!-- Default test -->
