<?xml version="1.0" encoding="UTF-8"?>
<testng-results ignored="0" total="1" passed="1" failed="0" skipped="0">
  <reporter-output>
  </reporter-output>
  <suite started-at="2023-09-05T19:41:31 IST" name="Default suite" finished-at="2023-09-05T19:41:31 IST" duration-ms="65">
    <groups>
    </groups>
    <test started-at="2023-09-05T19:41:31 IST" name="Default test" finished-at="2023-09-05T19:41:31 IST" duration-ms="65">
      <class name="TestNg_Annotations.Annotations_general">
        <test-method is-config="true" signature="bsuite()[pri:0, instance:TestNg_Annotations.Annotations_general@60099951]" started-at="2023-09-05T19:41:31 IST" name="bsuite" finished-at="2023-09-05T19:41:31 IST" duration-ms="15" status="PASS">
          <reporter-output>
          </reporter-output>
        </test-method> <!-- bsuite -->
        <test-method is-config="true" signature="btest()[pri:0, instance:TestNg_Annotations.Annotations_general@60099951]" started-at="2023-09-05T19:41:31 IST" name="btest" finished-at="2023-09-05T19:41:31 IST" duration-ms="2" status="PASS">
          <reporter-output>
          </reporter-output>
        </test-method> <!-- btest -->
        <test-method is-config="true" signature="bClass()[pri:0, instance:TestNg_Annotations.Annotations_general@60099951]" started-at="2023-09-05T19:41:31 IST" name="bClass" finished-at="2023-09-05T19:41:31 IST" duration-ms="1" status="PASS">
          <reporter-output>
          </reporter-output>
        </test-method> <!-- bClass -->
        <test-method is-config="true" signature="bMethod()[pri:0, instance:TestNg_Annotations.Annotations_general@60099951]" started-at="2023-09-05T19:41:31 IST" name="bMethod" finished-at="2023-09-05T19:41:31 IST" duration-ms="1" status="PASS">
          <reporter-output>
          </reporter-output>
        </test-method> <!-- bMethod -->
        <test-method signature="mainMethod()[pri:0, instance:TestNg_Annotations.Annotations_general@60099951]" started-at="2023-09-05T19:41:31 IST" name="mainMethod" finished-at="2023-09-05T19:41:31 IST" duration-ms="6" status="PASS">
          <reporter-output>
          </reporter-output>
        </test-method> <!-- mainMethod -->
        <test-method is-config="true" signature="aMethod()[pri:0, instance:TestNg_Annotations.Annotations_general@60099951]" started-at="2023-09-05T19:41:31 IST" name="aMethod" finished-at="2023-09-05T19:41:31 IST" duration-ms="1" status="PASS">
          <reporter-output>
          </reporter-output>
        </test-method> <!-- aMethod -->
        <test-method is-config="true" signature="aClass()[pri:0, instance:TestNg_Annotations.Annotations_general@60099951]" started-at="2023-09-05T19:41:31 IST" name="aClass" finished-at="2023-09-05T19:41:31 IST" duration-ms="1" status="PASS">
          <reporter-output>
          </reporter-output>
        </test-method> <!-- aClass -->
        <test-method is-config="true" signature="atest()[pri:0, instance:TestNg_Annotations.Annotations_general@60099951]" started-at="2023-09-05T19:41:31 IST" name="atest" finished-at="2023-09-05T19:41:31 IST" duration-ms="0" status="PASS">
          <reporter-output>
          </reporter-output>
        </test-method> <!-- atest -->
        <test-method is-config="true" signature="asuite()[pri:0, instance:TestNg_Annotations.Annotations_general@60099951]" started-at="2023-09-05T19:41:32 IST" name="asuite" finished-at="2023-09-05T19:41:32 IST" duration-ms="1" status="PASS">
          <reporter-output>
          </reporter-output>
        </test-method> <!-- asuite -->
      </class> <!-- TestNg_Annotations.Annotations_general -->
    </test> <!-- Default test -->
  </suite> <!-- Default suite -->
</testng-results>
