<?xml version="1.0" encoding="UTF-8"?>
<!-- Generated by org.testng.reporters.JUnitXMLReporter -->
<testsuite ignored="0" hostname="trinesis-ThinkPad-T460s" failures="0" tests="4" name="Test" time="245.306" errors="0" timestamp="2024-04-11T15:28:12 IST">
  <testcase classname="Tests.BaseClass" name="@BeforeClass configureAppium" time="10.307">
    <failure type="org.openqa.selenium.SessionNotCreatedException" message="Could not start a new session. Response code 500. Message: A new session could not be created. Details: io.appium.uiautomator2.common.exceptions.UiAutomator2Exception: Cannot invoke method android.app.UiAutomation androidx.test.uiautomator.UiDevice.getUiAutomation() on object androidx.test.uiautomator.UiDevice@dadf690 with parameters [] 
Host info: host: &amp;apos;trinesis-ThinkPad-T460s&amp;apos;, ip: &amp;apos;127.0.1.1&amp;apos;
Build info: version: &amp;apos;4.18.1&amp;apos;, revision: &amp;apos;b1d3319b48&amp;apos;
System info: os.name: &amp;apos;Linux&amp;apos;, os.arch: &amp;apos;amd64&amp;apos;, os.version: &amp;apos;6.5.0-25-generic&amp;apos;, java.version: &amp;apos;17.0.10&amp;apos;
Driver info: io.appium.java_client.android.AndroidDriver
Command: [null, newSession {capabilities=[{appium:deviceName=Pixel 3 XL API 29, platformName=ANDROID, appium:automationName=UIAutomator2, appium:app=/home/ranin/eclipse-workspace/WikipediaProject/resources/WikipediaSample.apk, appium:platformVersion=10}], desiredCapabilities=Capabilities {appium:app: /home/ranin/eclipse-workspa..., appium:automationName: UIAutomator2, appium:deviceName: Pixel 3 XL API 29, appium:platformVersion: 10, platformName: ANDROID}}]
Capabilities {appium:app: /home/ranin/eclipse-workspa..., appium:automationName: UIAutomator2, appium:deviceName: Pixel 3 XL API 29, appium:platformVersion: 10, platformName: ANDROID}">
      <![CDATA[org.openqa.selenium.SessionNotCreatedException: Could not start a new session. Response code 500. Message: A new session could not be created. Details: io.appium.uiautomator2.common.exceptions.UiAutomator2Exception: Cannot invoke method android.app.UiAutomation androidx.test.uiautomator.UiDevice.getUiAutomation() on object androidx.test.uiautomator.UiDevice@dadf690 with parameters [] 
Host info: host: 'trinesis-ThinkPad-T460s', ip: '127.0.1.1'
Build info: version: '4.18.1', revision: 'b1d3319b48'
System info: os.name: 'Linux', os.arch: 'amd64', os.version: '6.5.0-25-generic', java.version: '17.0.10'
Driver info: io.appium.java_client.android.AndroidDriver
Command: [null, newSession {capabilities=[{appium:deviceName=Pixel 3 XL API 29, platformName=ANDROID, appium:automationName=UIAutomator2, appium:app=/home/ranin/eclipse-workspace/WikipediaProject/resources/WikipediaSample.apk, appium:platformVersion=10}], desiredCapabilities=Capabilities {appium:app: /home/ranin/eclipse-workspa..., appium:automationName: UIAutomator2, appium:deviceName: Pixel 3 XL API 29, appium:platformVersion: 10, platformName: ANDROID}}]
Capabilities {appium:app: /home/ranin/eclipse-workspa..., appium:automationName: UIAutomator2, appium:deviceName: Pixel 3 XL API 29, appium:platformVersion: 10, platformName: ANDROID}
at org.openqa.selenium.remote.ProtocolHandshake.createSession(ProtocolHandshake.java:139)
at io.appium.java_client.remote.AppiumProtocolHandshake.createSession(AppiumProtocolHandshake.java:133)
at io.appium.java_client.remote.AppiumProtocolHandshake.createSession(AppiumProtocolHandshake.java:102)
at io.appium.java_client.remote.AppiumCommandExecutor.createSession(AppiumCommandExecutor.java:176)
at io.appium.java_client.remote.AppiumCommandExecutor.execute(AppiumCommandExecutor.java:237)
at org.openqa.selenium.remote.RemoteWebDriver.execute(RemoteWebDriver.java:519)
at io.appium.java_client.AppiumDriver.startSession(AppiumDriver.java:268)
at org.openqa.selenium.remote.RemoteWebDriver.<init>(RemoteWebDriver.java:162)
at io.appium.java_client.AppiumDriver.<init>(AppiumDriver.java:90)
at io.appium.java_client.AppiumDriver.<init>(AppiumDriver.java:102)
at io.appium.java_client.android.AndroidDriver.<init>(AndroidDriver.java:109)
at Tests.BaseClass.configureAppium(BaseClass.java:54)
at java.base/java.util.ArrayList.forEach(ArrayList.java:1511)
... Removed 29 stack frames]]>
    </failure>
  </testcase> <!-- @BeforeClass configureAppium -->
  <testcase classname="Tests.BaseClass" name="@AfterClass stopAppiumService" time="0.0">
    <skipped/>
  </testcase> <!-- @AfterClass stopAppiumService -->
  <testcase classname="Tests.signUpTest" name="login" time="0.0">
    <skipped/>
  </testcase> <!-- login -->
  <testcase classname="Tests.AllTest" name="login" time="18.45"/>
  <testcase classname="Tests.AllTest" name="search" time="193.288"/>
  <testcase classname="Tests.AllTest" name="log" time="10.391"/>
</testsuite> <!-- Test -->
