<?xml version="1.0" encoding="UTF-8"?>
<!-- Generated by org.testng.reporters.JUnitXMLReporter -->
<testsuite ignored="0" hostname="LAPTOP-92CINO3K" failures="6" tests="6" name="BVT Test" time="21.685" errors="0" timestamp="2023-10-14T17:42:21 IST">
  <testcase classname="testCases.LoginPage" name="loginTest" time="11.111">
    <failure type="org.openqa.selenium.ElementClickInterceptedException" message="element click intercepted: Element is not clickable at point (1690, 859)
  (Session info: MicrosoftEdge=117.0.2045.60)
Build info: version: &amp;apos;4.12.1&amp;apos;, revision: &amp;apos;8e34639b11&amp;apos;
System info: os.name: &amp;apos;Windows 10&amp;apos;, os.arch: &amp;apos;amd64&amp;apos;, os.version: &amp;apos;10.0&amp;apos;, java.version: &amp;apos;17.0.6&amp;apos;
Driver info: org.openqa.selenium.edge.EdgeDriver
Command: [91d34592a9cfad2715556349dbad4ab3, clickElement {id=6CDB5AA27F18BFC2E064A40DD14C78F8_element_139}]
Capabilities {acceptInsecureCerts: false, browserName: msedge, browserVersion: 117.0.2045.60, fedcm:accounts: true, ms:edgeOptions: {debuggerAddress: localhost:63015}, msedge: {msedgedriverVersion: 117.0.2045.60 (a31cef5dc4c1..., userDataDir: C:\Users\hp\AppData\Local\T...}, networkConnectionEnabled: false, pageLoadStrategy: normal, platformName: windows, proxy: Proxy(), se:cdp: ws://localhost:63015/devtoo..., se:cdpVersion: 117.0.2045.60, setWindowRect: true, strictFileInteractability: false, timeouts: {implicit: 0, pageLoad: 300000, script: 30000}, unhandledPromptBehavior: dismiss and notify, webauthn:extension:credBlob: true, webauthn:extension:largeBlob: true, webauthn:extension:minPinLength: true, webauthn:extension:prf: true, webauthn:virtualAuthenticators: true}
Element: [[EdgeDriver: msedge on windows (91d34592a9cfad2715556349dbad4ab3)] -&amp;gt; xpath: (//*[local-name()=&amp;apos;svg&amp;apos;])[38]]
Session ID: 91d34592a9cfad2715556349dbad4ab3">
      <![CDATA[org.openqa.selenium.ElementClickInterceptedException: element click intercepted: Element is not clickable at point (1690, 859)
  (Session info: MicrosoftEdge=117.0.2045.60)
Build info: version: '4.12.1', revision: '8e34639b11'
System info: os.name: 'Windows 10', os.arch: 'amd64', os.version: '10.0', java.version: '17.0.6'
Driver info: org.openqa.selenium.edge.EdgeDriver
Command: [91d34592a9cfad2715556349dbad4ab3, clickElement {id=6CDB5AA27F18BFC2E064A40DD14C78F8_element_139}]
Capabilities {acceptInsecureCerts: false, browserName: msedge, browserVersion: 117.0.2045.60, fedcm:accounts: true, ms:edgeOptions: {debuggerAddress: localhost:63015}, msedge: {msedgedriverVersion: 117.0.2045.60 (a31cef5dc4c1..., userDataDir: C:\Users\hp\AppData\Local\T...}, networkConnectionEnabled: false, pageLoadStrategy: normal, platformName: windows, proxy: Proxy(), se:cdp: ws://localhost:63015/devtoo..., se:cdpVersion: 117.0.2045.60, setWindowRect: true, strictFileInteractability: false, timeouts: {implicit: 0, pageLoad: 300000, script: 30000}, unhandledPromptBehavior: dismiss and notify, webauthn:extension:credBlob: true, webauthn:extension:largeBlob: true, webauthn:extension:minPinLength: true, webauthn:extension:prf: true, webauthn:virtualAuthenticators: true}
Element: [[EdgeDriver: msedge on windows (91d34592a9cfad2715556349dbad4ab3)] -> xpath: (//*[local-name()='svg'])[38]]
Session ID: 91d34592a9cfad2715556349dbad4ab3
at org.openqa.selenium.remote.codec.w3c.W3CHttpResponseCodec.createException(W3CHttpResponseCodec.java:200)
at org.openqa.selenium.remote.codec.w3c.W3CHttpResponseCodec.decode(W3CHttpResponseCodec.java:133)
at org.openqa.selenium.remote.codec.w3c.W3CHttpResponseCodec.decode(W3CHttpResponseCodec.java:52)
at org.openqa.selenium.remote.HttpCommandExecutor.execute(HttpCommandExecutor.java:191)
at org.openqa.selenium.remote.service.DriverCommandExecutor.invokeExecute(DriverCommandExecutor.java:196)
at org.openqa.selenium.remote.service.DriverCommandExecutor.execute(DriverCommandExecutor.java:171)
at org.openqa.selenium.remote.RemoteWebDriver.execute(RemoteWebDriver.java:602)
at org.openqa.selenium.remote.RemoteWebElement.execute(RemoteWebElement.java:224)
at org.openqa.selenium.remote.RemoteWebElement.click(RemoteWebElement.java:77)
at testCases.LoginPage.loginTest(LoginPage.java:27)
at java.base/java.util.ArrayList.forEach(ArrayList.java:1511)
... Removed 32 stack frames]]>
    </failure>
  </testcase> <!-- loginTest -->
  <testcase classname="base.BaseTest" name="SelectFirstItem" time="0.047">
    <failure type="org.openqa.selenium.ElementNotInteractableException" message="element not interactable
  (Session info: MicrosoftEdge=117.0.2045.60)
Build info: version: &amp;apos;4.12.1&amp;apos;, revision: &amp;apos;8e34639b11&amp;apos;
System info: os.name: &amp;apos;Windows 10&amp;apos;, os.arch: &amp;apos;amd64&amp;apos;, os.version: &amp;apos;10.0&amp;apos;, java.version: &amp;apos;17.0.6&amp;apos;
Driver info: org.openqa.selenium.edge.EdgeDriver
Command: [91d34592a9cfad2715556349dbad4ab3, clickElement {id=6CDB5AA27F18BFC2E064A40DD14C78F8_element_140}]
Capabilities {acceptInsecureCerts: false, browserName: msedge, browserVersion: 117.0.2045.60, fedcm:accounts: true, ms:edgeOptions: {debuggerAddress: localhost:63015}, msedge: {msedgedriverVersion: 117.0.2045.60 (a31cef5dc4c1..., userDataDir: C:\Users\hp\AppData\Local\T...}, networkConnectionEnabled: false, pageLoadStrategy: normal, platformName: windows, proxy: Proxy(), se:cdp: ws://localhost:63015/devtoo..., se:cdpVersion: 117.0.2045.60, setWindowRect: true, strictFileInteractability: false, timeouts: {implicit: 0, pageLoad: 300000, script: 30000}, unhandledPromptBehavior: dismiss and notify, webauthn:extension:credBlob: true, webauthn:extension:largeBlob: true, webauthn:extension:minPinLength: true, webauthn:extension:prf: true, webauthn:virtualAuthenticators: true}
Element: [[EdgeDriver: msedge on windows (91d34592a9cfad2715556349dbad4ab3)] -&amp;gt; xpath: //*[@id=&amp;apos;headlessui-menu-button-:R5bclm:&amp;apos;]]
Session ID: 91d34592a9cfad2715556349dbad4ab3">
      <![CDATA[org.openqa.selenium.ElementNotInteractableException: element not interactable
  (Session info: MicrosoftEdge=117.0.2045.60)
Build info: version: '4.12.1', revision: '8e34639b11'
System info: os.name: 'Windows 10', os.arch: 'amd64', os.version: '10.0', java.version: '17.0.6'
Driver info: org.openqa.selenium.edge.EdgeDriver
Command: [91d34592a9cfad2715556349dbad4ab3, clickElement {id=6CDB5AA27F18BFC2E064A40DD14C78F8_element_140}]
Capabilities {acceptInsecureCerts: false, browserName: msedge, browserVersion: 117.0.2045.60, fedcm:accounts: true, ms:edgeOptions: {debuggerAddress: localhost:63015}, msedge: {msedgedriverVersion: 117.0.2045.60 (a31cef5dc4c1..., userDataDir: C:\Users\hp\AppData\Local\T...}, networkConnectionEnabled: false, pageLoadStrategy: normal, platformName: windows, proxy: Proxy(), se:cdp: ws://localhost:63015/devtoo..., se:cdpVersion: 117.0.2045.60, setWindowRect: true, strictFileInteractability: false, timeouts: {implicit: 0, pageLoad: 300000, script: 30000}, unhandledPromptBehavior: dismiss and notify, webauthn:extension:credBlob: true, webauthn:extension:largeBlob: true, webauthn:extension:minPinLength: true, webauthn:extension:prf: true, webauthn:virtualAuthenticators: true}
Element: [[EdgeDriver: msedge on windows (91d34592a9cfad2715556349dbad4ab3)] -> xpath: //*[@id='headlessui-menu-button-:R5bclm:']]
Session ID: 91d34592a9cfad2715556349dbad4ab3
at org.openqa.selenium.remote.codec.w3c.W3CHttpResponseCodec.createException(W3CHttpResponseCodec.java:200)
at org.openqa.selenium.remote.codec.w3c.W3CHttpResponseCodec.decode(W3CHttpResponseCodec.java:133)
at org.openqa.selenium.remote.codec.w3c.W3CHttpResponseCodec.decode(W3CHttpResponseCodec.java:52)
at org.openqa.selenium.remote.HttpCommandExecutor.execute(HttpCommandExecutor.java:191)
at org.openqa.selenium.remote.service.DriverCommandExecutor.invokeExecute(DriverCommandExecutor.java:196)
at org.openqa.selenium.remote.service.DriverCommandExecutor.execute(DriverCommandExecutor.java:171)
at org.openqa.selenium.remote.RemoteWebDriver.execute(RemoteWebDriver.java:602)
at org.openqa.selenium.remote.RemoteWebElement.execute(RemoteWebElement.java:224)
at org.openqa.selenium.remote.RemoteWebElement.click(RemoteWebElement.java:77)
at base.BaseTest.SelectFirstItem(BaseTest.java:56)
at java.base/java.util.ArrayList.forEach(ArrayList.java:1511)
... Removed 32 stack frames]]>
    </failure>
  </testcase> <!-- SelectFirstItem -->
  <testcase classname="base.BaseTest" name="SelectSecondItem" time="0.04">
    <failure type="org.openqa.selenium.ElementNotInteractableException" message="element not interactable
  (Session info: MicrosoftEdge=117.0.2045.60)
Build info: version: &amp;apos;4.12.1&amp;apos;, revision: &amp;apos;8e34639b11&amp;apos;
System info: os.name: &amp;apos;Windows 10&amp;apos;, os.arch: &amp;apos;amd64&amp;apos;, os.version: &amp;apos;10.0&amp;apos;, java.version: &amp;apos;17.0.6&amp;apos;
Driver info: org.openqa.selenium.edge.EdgeDriver
Command: [91d34592a9cfad2715556349dbad4ab3, clickElement {id=6CDB5AA27F18BFC2E064A40DD14C78F8_element_140}]
Capabilities {acceptInsecureCerts: false, browserName: msedge, browserVersion: 117.0.2045.60, fedcm:accounts: true, ms:edgeOptions: {debuggerAddress: localhost:63015}, msedge: {msedgedriverVersion: 117.0.2045.60 (a31cef5dc4c1..., userDataDir: C:\Users\hp\AppData\Local\T...}, networkConnectionEnabled: false, pageLoadStrategy: normal, platformName: windows, proxy: Proxy(), se:cdp: ws://localhost:63015/devtoo..., se:cdpVersion: 117.0.2045.60, setWindowRect: true, strictFileInteractability: false, timeouts: {implicit: 0, pageLoad: 300000, script: 30000}, unhandledPromptBehavior: dismiss and notify, webauthn:extension:credBlob: true, webauthn:extension:largeBlob: true, webauthn:extension:minPinLength: true, webauthn:extension:prf: true, webauthn:virtualAuthenticators: true}
Element: [[EdgeDriver: msedge on windows (91d34592a9cfad2715556349dbad4ab3)] -&amp;gt; xpath: //*[@id=&amp;apos;headlessui-menu-button-:R5bclm:&amp;apos;]]
Session ID: 91d34592a9cfad2715556349dbad4ab3">
      <![CDATA[org.openqa.selenium.ElementNotInteractableException: element not interactable
  (Session info: MicrosoftEdge=117.0.2045.60)
Build info: version: '4.12.1', revision: '8e34639b11'
System info: os.name: 'Windows 10', os.arch: 'amd64', os.version: '10.0', java.version: '17.0.6'
Driver info: org.openqa.selenium.edge.EdgeDriver
Command: [91d34592a9cfad2715556349dbad4ab3, clickElement {id=6CDB5AA27F18BFC2E064A40DD14C78F8_element_140}]
Capabilities {acceptInsecureCerts: false, browserName: msedge, browserVersion: 117.0.2045.60, fedcm:accounts: true, ms:edgeOptions: {debuggerAddress: localhost:63015}, msedge: {msedgedriverVersion: 117.0.2045.60 (a31cef5dc4c1..., userDataDir: C:\Users\hp\AppData\Local\T...}, networkConnectionEnabled: false, pageLoadStrategy: normal, platformName: windows, proxy: Proxy(), se:cdp: ws://localhost:63015/devtoo..., se:cdpVersion: 117.0.2045.60, setWindowRect: true, strictFileInteractability: false, timeouts: {implicit: 0, pageLoad: 300000, script: 30000}, unhandledPromptBehavior: dismiss and notify, webauthn:extension:credBlob: true, webauthn:extension:largeBlob: true, webauthn:extension:minPinLength: true, webauthn:extension:prf: true, webauthn:virtualAuthenticators: true}
Element: [[EdgeDriver: msedge on windows (91d34592a9cfad2715556349dbad4ab3)] -> xpath: //*[@id='headlessui-menu-button-:R5bclm:']]
Session ID: 91d34592a9cfad2715556349dbad4ab3
at org.openqa.selenium.remote.codec.w3c.W3CHttpResponseCodec.createException(W3CHttpResponseCodec.java:200)
at org.openqa.selenium.remote.codec.w3c.W3CHttpResponseCodec.decode(W3CHttpResponseCodec.java:133)
at org.openqa.selenium.remote.codec.w3c.W3CHttpResponseCodec.decode(W3CHttpResponseCodec.java:52)
at org.openqa.selenium.remote.HttpCommandExecutor.execute(HttpCommandExecutor.java:191)
at org.openqa.selenium.remote.service.DriverCommandExecutor.invokeExecute(DriverCommandExecutor.java:196)
at org.openqa.selenium.remote.service.DriverCommandExecutor.execute(DriverCommandExecutor.java:171)
at org.openqa.selenium.remote.RemoteWebDriver.execute(RemoteWebDriver.java:602)
at org.openqa.selenium.remote.RemoteWebElement.execute(RemoteWebElement.java:224)
at org.openqa.selenium.remote.RemoteWebElement.click(RemoteWebElement.java:77)
at base.BaseTest.SelectSecondItem(BaseTest.java:85)
at java.base/java.util.ArrayList.forEach(ArrayList.java:1511)
... Removed 32 stack frames]]>
    </failure>
  </testcase> <!-- SelectSecondItem -->
  <testcase classname="base.BaseTest" name="SelectThirdItem" time="0.041">
    <failure type="org.openqa.selenium.ElementNotInteractableException" message="element not interactable
  (Session info: MicrosoftEdge=117.0.2045.60)
Build info: version: &amp;apos;4.12.1&amp;apos;, revision: &amp;apos;8e34639b11&amp;apos;
System info: os.name: &amp;apos;Windows 10&amp;apos;, os.arch: &amp;apos;amd64&amp;apos;, os.version: &amp;apos;10.0&amp;apos;, java.version: &amp;apos;17.0.6&amp;apos;
Driver info: org.openqa.selenium.edge.EdgeDriver
Command: [91d34592a9cfad2715556349dbad4ab3, clickElement {id=6CDB5AA27F18BFC2E064A40DD14C78F8_element_140}]
Capabilities {acceptInsecureCerts: false, browserName: msedge, browserVersion: 117.0.2045.60, fedcm:accounts: true, ms:edgeOptions: {debuggerAddress: localhost:63015}, msedge: {msedgedriverVersion: 117.0.2045.60 (a31cef5dc4c1..., userDataDir: C:\Users\hp\AppData\Local\T...}, networkConnectionEnabled: false, pageLoadStrategy: normal, platformName: windows, proxy: Proxy(), se:cdp: ws://localhost:63015/devtoo..., se:cdpVersion: 117.0.2045.60, setWindowRect: true, strictFileInteractability: false, timeouts: {implicit: 0, pageLoad: 300000, script: 30000}, unhandledPromptBehavior: dismiss and notify, webauthn:extension:credBlob: true, webauthn:extension:largeBlob: true, webauthn:extension:minPinLength: true, webauthn:extension:prf: true, webauthn:virtualAuthenticators: true}
Element: [[EdgeDriver: msedge on windows (91d34592a9cfad2715556349dbad4ab3)] -&amp;gt; xpath: //*[@id=&amp;apos;headlessui-menu-button-:R5bclm:&amp;apos;]]
Session ID: 91d34592a9cfad2715556349dbad4ab3">
      <![CDATA[org.openqa.selenium.ElementNotInteractableException: element not interactable
  (Session info: MicrosoftEdge=117.0.2045.60)
Build info: version: '4.12.1', revision: '8e34639b11'
System info: os.name: 'Windows 10', os.arch: 'amd64', os.version: '10.0', java.version: '17.0.6'
Driver info: org.openqa.selenium.edge.EdgeDriver
Command: [91d34592a9cfad2715556349dbad4ab3, clickElement {id=6CDB5AA27F18BFC2E064A40DD14C78F8_element_140}]
Capabilities {acceptInsecureCerts: false, browserName: msedge, browserVersion: 117.0.2045.60, fedcm:accounts: true, ms:edgeOptions: {debuggerAddress: localhost:63015}, msedge: {msedgedriverVersion: 117.0.2045.60 (a31cef5dc4c1..., userDataDir: C:\Users\hp\AppData\Local\T...}, networkConnectionEnabled: false, pageLoadStrategy: normal, platformName: windows, proxy: Proxy(), se:cdp: ws://localhost:63015/devtoo..., se:cdpVersion: 117.0.2045.60, setWindowRect: true, strictFileInteractability: false, timeouts: {implicit: 0, pageLoad: 300000, script: 30000}, unhandledPromptBehavior: dismiss and notify, webauthn:extension:credBlob: true, webauthn:extension:largeBlob: true, webauthn:extension:minPinLength: true, webauthn:extension:prf: true, webauthn:virtualAuthenticators: true}
Element: [[EdgeDriver: msedge on windows (91d34592a9cfad2715556349dbad4ab3)] -> xpath: //*[@id='headlessui-menu-button-:R5bclm:']]
Session ID: 91d34592a9cfad2715556349dbad4ab3
at org.openqa.selenium.remote.codec.w3c.W3CHttpResponseCodec.createException(W3CHttpResponseCodec.java:200)
at org.openqa.selenium.remote.codec.w3c.W3CHttpResponseCodec.decode(W3CHttpResponseCodec.java:133)
at org.openqa.selenium.remote.codec.w3c.W3CHttpResponseCodec.decode(W3CHttpResponseCodec.java:52)
at org.openqa.selenium.remote.HttpCommandExecutor.execute(HttpCommandExecutor.java:191)
at org.openqa.selenium.remote.service.DriverCommandExecutor.invokeExecute(DriverCommandExecutor.java:196)
at org.openqa.selenium.remote.service.DriverCommandExecutor.execute(DriverCommandExecutor.java:171)
at org.openqa.selenium.remote.RemoteWebDriver.execute(RemoteWebDriver.java:602)
at org.openqa.selenium.remote.RemoteWebElement.execute(RemoteWebElement.java:224)
at org.openqa.selenium.remote.RemoteWebElement.click(RemoteWebElement.java:77)
at base.BaseTest.SelectThirdItem(BaseTest.java:115)
at java.base/java.util.ArrayList.forEach(ArrayList.java:1511)
... Removed 32 stack frames]]>
    </failure>
  </testcase> <!-- SelectThirdItem -->
  <testcase classname="base.BaseTest" name="SelectFourthItem" time="0.038">
    <failure type="org.openqa.selenium.ElementNotInteractableException" message="element not interactable
  (Session info: MicrosoftEdge=117.0.2045.60)
Build info: version: &amp;apos;4.12.1&amp;apos;, revision: &amp;apos;8e34639b11&amp;apos;
System info: os.name: &amp;apos;Windows 10&amp;apos;, os.arch: &amp;apos;amd64&amp;apos;, os.version: &amp;apos;10.0&amp;apos;, java.version: &amp;apos;17.0.6&amp;apos;
Driver info: org.openqa.selenium.edge.EdgeDriver
Command: [91d34592a9cfad2715556349dbad4ab3, clickElement {id=6CDB5AA27F18BFC2E064A40DD14C78F8_element_140}]
Capabilities {acceptInsecureCerts: false, browserName: msedge, browserVersion: 117.0.2045.60, fedcm:accounts: true, ms:edgeOptions: {debuggerAddress: localhost:63015}, msedge: {msedgedriverVersion: 117.0.2045.60 (a31cef5dc4c1..., userDataDir: C:\Users\hp\AppData\Local\T...}, networkConnectionEnabled: false, pageLoadStrategy: normal, platformName: windows, proxy: Proxy(), se:cdp: ws://localhost:63015/devtoo..., se:cdpVersion: 117.0.2045.60, setWindowRect: true, strictFileInteractability: false, timeouts: {implicit: 0, pageLoad: 300000, script: 30000}, unhandledPromptBehavior: dismiss and notify, webauthn:extension:credBlob: true, webauthn:extension:largeBlob: true, webauthn:extension:minPinLength: true, webauthn:extension:prf: true, webauthn:virtualAuthenticators: true}
Element: [[EdgeDriver: msedge on windows (91d34592a9cfad2715556349dbad4ab3)] -&amp;gt; xpath: //*[@id=&amp;apos;headlessui-menu-button-:R5bclm:&amp;apos;]]
Session ID: 91d34592a9cfad2715556349dbad4ab3">
      <![CDATA[org.openqa.selenium.ElementNotInteractableException: element not interactable
  (Session info: MicrosoftEdge=117.0.2045.60)
Build info: version: '4.12.1', revision: '8e34639b11'
System info: os.name: 'Windows 10', os.arch: 'amd64', os.version: '10.0', java.version: '17.0.6'
Driver info: org.openqa.selenium.edge.EdgeDriver
Command: [91d34592a9cfad2715556349dbad4ab3, clickElement {id=6CDB5AA27F18BFC2E064A40DD14C78F8_element_140}]
Capabilities {acceptInsecureCerts: false, browserName: msedge, browserVersion: 117.0.2045.60, fedcm:accounts: true, ms:edgeOptions: {debuggerAddress: localhost:63015}, msedge: {msedgedriverVersion: 117.0.2045.60 (a31cef5dc4c1..., userDataDir: C:\Users\hp\AppData\Local\T...}, networkConnectionEnabled: false, pageLoadStrategy: normal, platformName: windows, proxy: Proxy(), se:cdp: ws://localhost:63015/devtoo..., se:cdpVersion: 117.0.2045.60, setWindowRect: true, strictFileInteractability: false, timeouts: {implicit: 0, pageLoad: 300000, script: 30000}, unhandledPromptBehavior: dismiss and notify, webauthn:extension:credBlob: true, webauthn:extension:largeBlob: true, webauthn:extension:minPinLength: true, webauthn:extension:prf: true, webauthn:virtualAuthenticators: true}
Element: [[EdgeDriver: msedge on windows (91d34592a9cfad2715556349dbad4ab3)] -> xpath: //*[@id='headlessui-menu-button-:R5bclm:']]
Session ID: 91d34592a9cfad2715556349dbad4ab3
at org.openqa.selenium.remote.codec.w3c.W3CHttpResponseCodec.createException(W3CHttpResponseCodec.java:200)
at org.openqa.selenium.remote.codec.w3c.W3CHttpResponseCodec.decode(W3CHttpResponseCodec.java:133)
at org.openqa.selenium.remote.codec.w3c.W3CHttpResponseCodec.decode(W3CHttpResponseCodec.java:52)
at org.openqa.selenium.remote.HttpCommandExecutor.execute(HttpCommandExecutor.java:191)
at org.openqa.selenium.remote.service.DriverCommandExecutor.invokeExecute(DriverCommandExecutor.java:196)
at org.openqa.selenium.remote.service.DriverCommandExecutor.execute(DriverCommandExecutor.java:171)
at org.openqa.selenium.remote.RemoteWebDriver.execute(RemoteWebDriver.java:602)
at org.openqa.selenium.remote.RemoteWebElement.execute(RemoteWebElement.java:224)
at org.openqa.selenium.remote.RemoteWebElement.click(RemoteWebElement.java:77)
at base.BaseTest.SelectFourthItem(BaseTest.java:144)
at java.base/java.util.ArrayList.forEach(ArrayList.java:1511)
... Removed 32 stack frames]]>
    </failure>
  </testcase> <!-- SelectFourthItem -->
  <testcase classname="base.BaseTest" name="addcart" time="10.297">
    <failure type="org.openqa.selenium.TimeoutException" message="Expected condition failed: waiting for element to be clickable: By.xpath: (//*[text()=&amp;apos;Add&amp;apos;])[3] (tried for 10 second(s) with 500 milliseconds interval)
Build info: version: &amp;apos;4.12.1&amp;apos;, revision: &amp;apos;8e34639b11&amp;apos;
System info: os.name: &amp;apos;Windows 10&amp;apos;, os.arch: &amp;apos;amd64&amp;apos;, os.version: &amp;apos;10.0&amp;apos;, java.version: &amp;apos;17.0.6&amp;apos;
Driver info: org.openqa.selenium.edge.EdgeDriver
Capabilities {acceptInsecureCerts: false, browserName: msedge, browserVersion: 117.0.2045.60, fedcm:accounts: true, ms:edgeOptions: {debuggerAddress: localhost:63015}, msedge: {msedgedriverVersion: 117.0.2045.60 (a31cef5dc4c1..., userDataDir: C:\Users\hp\AppData\Local\T...}, networkConnectionEnabled: false, pageLoadStrategy: normal, platformName: windows, proxy: Proxy(), se:cdp: ws://localhost:63015/devtoo..., se:cdpVersion: 117.0.2045.60, setWindowRect: true, strictFileInteractability: false, timeouts: {implicit: 0, pageLoad: 300000, script: 30000}, unhandledPromptBehavior: dismiss and notify, webauthn:extension:credBlob: true, webauthn:extension:largeBlob: true, webauthn:extension:minPinLength: true, webauthn:extension:prf: true, webauthn:virtualAuthenticators: true}
Session ID: 91d34592a9cfad2715556349dbad4ab3">
      <![CDATA[org.openqa.selenium.TimeoutException: Expected condition failed: waiting for element to be clickable: By.xpath: (//*[text()='Add'])[3] (tried for 10 second(s) with 500 milliseconds interval)
Build info: version: '4.12.1', revision: '8e34639b11'
System info: os.name: 'Windows 10', os.arch: 'amd64', os.version: '10.0', java.version: '17.0.6'
Driver info: org.openqa.selenium.edge.EdgeDriver
Capabilities {acceptInsecureCerts: false, browserName: msedge, browserVersion: 117.0.2045.60, fedcm:accounts: true, ms:edgeOptions: {debuggerAddress: localhost:63015}, msedge: {msedgedriverVersion: 117.0.2045.60 (a31cef5dc4c1..., userDataDir: C:\Users\hp\AppData\Local\T...}, networkConnectionEnabled: false, pageLoadStrategy: normal, platformName: windows, proxy: Proxy(), se:cdp: ws://localhost:63015/devtoo..., se:cdpVersion: 117.0.2045.60, setWindowRect: true, strictFileInteractability: false, timeouts: {implicit: 0, pageLoad: 300000, script: 30000}, unhandledPromptBehavior: dismiss and notify, webauthn:extension:credBlob: true, webauthn:extension:largeBlob: true, webauthn:extension:minPinLength: true, webauthn:extension:prf: true, webauthn:virtualAuthenticators: true}
Session ID: 91d34592a9cfad2715556349dbad4ab3
at org.openqa.selenium.support.ui.WebDriverWait.timeoutException(WebDriverWait.java:84)
at org.openqa.selenium.support.ui.FluentWait.until(FluentWait.java:230)
at base.BaseTest.addcart(BaseTest.java:196)
at java.base/java.util.ArrayList.forEach(ArrayList.java:1511)
... Removed 27 stack frames]]>
    </failure>
  </testcase> <!-- addcart -->
</testsuite> <!-- BVT Test -->
