<?xml version="1.0" encoding="UTF-8"?>
<testng-results ignored="0" total="3" passed="3" failed="0" skipped="0">
  <reporter-output>
  </reporter-output>
  <suite started-at="2024-04-11T11:00:40 IST" name="Default suite" finished-at="2024-04-11T11:04:45 IST" duration-ms="244492">
    <groups>
    </groups>
    <test started-at="2024-04-11T11:00:40 IST" name="Default test" finished-at="2024-04-11T11:04:45 IST" duration-ms="244492">
      <class name="WikipediaTest.searchWikipedia">
        <test-method is-config="true" signature="configureAppium()[pri:0, instance:WikipediaTest.searchWikipedia@76b1e9b8]" started-at="2024-04-11T11:00:40 IST" name="configureAppium" finished-at="2024-04-11T11:00:55 IST" duration-ms="14703" status="PASS">
          <reporter-output>
          </reporter-output>
        </test-method> <!-- configureAppium -->
        <test-method signature="signUpTest()[pri:1, instance:WikipediaTest.searchWikipedia@76b1e9b8]" started-at="2024-04-11T11:00:55 IST" name="signUpTest" finished-at="2024-04-11T11:01:20 IST" duration-ms="24884" status="PASS">
          <reporter-output>
          </reporter-output>
        </test-method> <!-- signUpTest -->
        <test-method signature="LoginTest()[pri:2, instance:WikipediaTest.searchWikipedia@76b1e9b8]" started-at="2024-04-11T11:01:20 IST" name="LoginTest" finished-at="2024-04-11T11:01:30 IST" duration-ms="9574" status="PASS">
          <reporter-output>
          </reporter-output>
        </test-method> <!-- LoginTest -->
        <test-method signature="searchTest()[pri:3, instance:WikipediaTest.searchWikipedia@76b1e9b8]" started-at="2024-04-11T11:01:30 IST" name="searchTest" finished-at="2024-04-11T11:04:41 IST" duration-ms="190881" status="PASS">
          <reporter-output>
          </reporter-output>
        </test-method> <!-- searchTest -->
        <test-method is-config="true" signature="stopAppiumService()[pri:0, instance:WikipediaTest.searchWikipedia@76b1e9b8]" started-at="2024-04-11T11:04:41 IST" name="stopAppiumService" finished-at="2024-04-11T11:04:45 IST" duration-ms="4312" status="PASS">
          <reporter-output>
          </reporter-output>
        </test-method> <!-- stopAppiumService -->
      </class> <!-- WikipediaTest.searchWikipedia -->
    </test> <!-- Default test -->
  </suite> <!-- Default suite -->
</testng-results>
